Base path: /Applications/Unity_4_6/Unity.app/Contents
Pipe name: \\.\pipe\UnityShaderCompiler-2--1329819648
Cmd: getPlatforms
Cmd: compileSnippet
  api=1 type=0 insize=2452 outsize=132 kw= ok=1
Cmd: compileSnippet
  api=8 type=1 insize=2452 outsize=3592 kw= ok=1
Cmd: compileSnippet
  api=8 type=0 insize=1885 outsize=1438 kw= ok=1
Cmd: compileSnippet
  api=4 type=1 insize=1885 outsize=1583 kw= ok=1
Cmd: compileSnippet
  api=8 type=0 insize=870 outsize=1560 kw= ok=1
Cmd: compileSnippet
  api=4 type=1 insize=870 outsize=600 kw= ok=1
Cmd: compileSnippet
  api=1 type=0 insize=988 outsize=171 kw= ok=1
Cmd: compileSnippet
  api=8 type=1 insize=988 outsize=1138 kw= ok=1
End of pipe

Quitting shader compiler process
